<?xml version="1.0" encoding="UTF-8"?><testsuite failures="0" name="cucumber.runtime.formatter.JUnitFormatter" skipped="0" tests="3" time="31.354016">
<testcase classname="Use the website to find restaurants" name="Search for restaurants in an area" time="18.510897">
<system-out><![CDATA[Given I want food in AR51 1AA...............................................passed
When I search for restaurant................................................passed
Then I should see some restaurants in AR51 1AA..............................passed
]]></system-out>
</testcase>
<testcase classname="Use the website to find restaurants" name="Sort the list of restaurants by distance in an area" time="9.13368">
<system-out><![CDATA[Given User is on restaurant list page of area AR51 1AA......................passed
When User mouse over on Sorted By Best Match................................passed
Then User should see the list and select Distance option....................passed
Then User can see sort listed restaurants by distance.......................passed
]]></system-out>
</testcase>
<testcase classname="Use the website to find restaurants" name="Search for location with invalid postcode" time="3.709439">
<system-out><![CDATA[Given User is on restaurant list page.......................................passed
When User navigate to Home Page by clicking Change location link............passed
Then User search for invalid area "45AR 1AA"................................passed
And User should see warning to enter valid postcode.........................passed
Then User close the browser.................................................passed
]]></system-out>
</testcase>
</testsuite>
